<?xml version="1.0" encoding="UTF-8"?>
<!-- Generated by org.testng.reporters.JUnitXMLReporter -->
<testsuite ignored="0" hostname="DESKTOP-8E2ASUK" failures="0" tests="3" name="Default test" time="86.893" errors="0" timestamp="18 Nov 2021 19:45:37 GMT">
  <testcase classname="abhinavms3.mainTest" name="findMore" time="37.757"/>
  <testcase classname="abhinavms3.mainTest" name="resort" time="33.946"/>
  <testcase classname="abhinavms3.mainTest" name="searchTest" time="15.132"/>
</testsuite> <!-- Default test -->
