<?xml version="1.0" encoding="UTF-8"?>
<testng-results ignored="0" total="3" passed="3" failed="0" skipped="0">
  <reporter-output>
  </reporter-output>
  <suite started-at="2021-11-18T19:44:10Z" name="Default suite" finished-at="2021-11-18T19:45:37Z" duration-ms="86893">
    <groups>
    </groups>
    <test started-at="2021-11-18T19:44:10Z" name="Default test" finished-at="2021-11-18T19:45:37Z" duration-ms="86893">
      <class name="abhinavms3.mainTest">
        <test-method signature="findMore()[pri:0, instance:abhinavms3.mainTest@2a1edad4]" started-at="2021-11-18T11:44:10Z" name="findMore" finished-at="2021-11-18T11:44:48Z" duration-ms="37757" status="PASS">
          <reporter-output>
          </reporter-output>
        </test-method> <!-- findMore -->
        <test-method signature="resort()[pri:0, instance:abhinavms3.mainTest@2a1edad4]" started-at="2021-11-18T11:44:48Z" name="resort" finished-at="2021-11-18T11:45:22Z" duration-ms="33946" status="PASS">
          <reporter-output>
          </reporter-output>
        </test-method> <!-- resort -->
        <test-method signature="searchTest()[pri:0, instance:abhinavms3.mainTest@2a1edad4]" started-at="2021-11-18T11:45:22Z" name="searchTest" finished-at="2021-11-18T11:45:37Z" duration-ms="15132" status="PASS">
          <reporter-output>
          </reporter-output>
        </test-method> <!-- searchTest -->
      </class> <!-- abhinavms3.mainTest -->
    </test> <!-- Default test -->
  </suite> <!-- Default suite -->
</testng-results>
