<?xml version="1.0" encoding="UTF-8"?>
<!-- Generated by org.testng.reporters.JUnitReportReporter -->
<testsuite ignored="0" hostname="DESKTOP-8E2ASUK" failures="0" tests="3" name="abhinavms3.mainTest" time="86.835" errors="0" timestamp="18 Nov 2021 19:45:37 GMT" skipped="0">
  <testcase classname="abhinavms3.mainTest" name="searchTest" time="15.132"/>
  <testcase classname="abhinavms3.mainTest" name="findMore" time="37.757"/>
  <testcase classname="abhinavms3.mainTest" name="resort" time="33.946"/>
</testsuite> <!-- abhinavms3.mainTest -->
